Using pre-set license
Built from '2020.3/staging' branch; Version is '2020.3.18f1 (a7d1c678663c) revision 10998214'; Using compiler version '192528614'; Build Type 'Release'
OS: 'Windows 10 Pro; OS build 19042.1348; Version 2009; 64bit' Language: 'en' Physical Memory: 16013 MB
BatchMode: 1, IsHumanControllingUs: 0, StartBugReporterOnCrash: 0, Is64bit: 1, IsPro: 0

COMMAND LINE ARGUMENTS:
C:\Program Files\Unity\Hub\Editor\2020.3.18f1\Editor\Unity.exe
-adb2
-batchMode
-noUpm
-name
AssetImportWorker0
-projectPath
C:/Users/student/Desktop/fire
-logFile
Logs/AssetImportWorker0.log
-srvPort
57135
Successfully changed project path to: C:/Users/student/Desktop/fire
C:/Users/student/Desktop/fire
Using Asset Import Pipeline V2.
Refreshing native plugins compatible for Editor in 35.85 ms, found 2 plugins.
Preloading 0 native plugins for Editor in 0.00 ms.
Initialize engine version: 2020.3.18f1 (a7d1c678663c)
[Subsystems] Discovering subsystems at path C:/Program Files/Unity/Hub/Editor/2020.3.18f1/Editor/Data/Resources/UnitySubsystems
[Subsystems] Discovering subsystems at path C:/Users/student/Desktop/fire/Assets
GfxDevice: creating device client; threaded=0
Direct3D:
    Version:  Direct3D 11.0 [level 11.1]
    Renderer: NVIDIA Quadro P620 (ID=0x1cbd)
    Vendor:   
    VRAM:     4021 MB
    Driver:   27.21.14.6230
Initialize mono
Mono path[0] = 'C:/Program Files/Unity/Hub/Editor/2020.3.18f1/Editor/Data/Managed'
Mono path[1] = 'C:/Program Files/Unity/Hub/Editor/2020.3.18f1/Editor/Data/MonoBleedingEdge/lib/mono/unityjit'
Mono config path = 'C:/Program Files/Unity/Hub/Editor/2020.3.18f1/Editor/Data/MonoBleedingEdge/etc'
Using monoOptions --debugger-agent=transport=dt_socket,embedding=1,server=y,suspend=n,address=127.0.0.1:56652
Begin MonoManager ReloadAssembly
Registering precompiled unity dll's ...
Register platform support module: C:/Program Files/Unity/Hub/Editor/2020.3.18f1/Editor/Data/PlaybackEngines/WebGLSupport/UnityEditor.WebGL.Extensions.dll
Register platform support module: C:/Program Files/Unity/Hub/Editor/2020.3.18f1/Editor/Data/PlaybackEngines/WindowsStandaloneSupport/UnityEditor.WindowsStandalone.Extensions.dll
Registered in 0.001656 seconds.
Native extension for WindowsStandalone target not found
Native extension for WebGL target not found
Refreshing native plugins compatible for Editor in 29.03 ms, found 2 plugins.
Preloading 0 native plugins for Editor in 0.00 ms.
Mono: successfully reloaded assembly
- Completed reload, in  1.889 seconds
Domain Reload Profiling:
	ReloadAssembly (1890ms)
		BeginReloadAssembly (64ms)
			ExecutionOrderSort (0ms)
			DisableScriptedObjects (0ms)
			BackupInstance (0ms)
			ReleaseScriptingObjects (0ms)
			CreateAndSetChildDomain (1ms)
		EndReloadAssembly (459ms)
			LoadAssemblies (62ms)
			RebuildTransferFunctionScriptingTraits (0ms)
			SetupTypeCache (191ms)
			ReleaseScriptCaches (0ms)
			RebuildScriptCaches (32ms)
			SetupLoadedEditorAssemblies (172ms)
				LogAssemblyErrors (0ms)
				InitializePlatformSupportModulesInManaged (5ms)
				SetLoadedEditorAssemblies (0ms)
				RefreshPlugins (29ms)
				BeforeProcessingInitializeOnLoad (8ms)
				ProcessInitializeOnLoadAttributes (93ms)
				ProcessInitializeOnLoadMethodAttributes (37ms)
				AfterProcessingInitializeOnLoad (0ms)
				EditorAssembliesLoaded (0ms)
			ExecutionOrderSort2 (0ms)
			AwakeInstancesAfterBackupRestoration (0ms)
Platform modules already initialized, skipping
Registering precompiled user dll's ...
Registered in 0.002264 seconds.
Begin MonoManager ReloadAssembly
Native extension for WindowsStandalone target not found
Native extension for WebGL target not found
Refreshing native plugins compatible for Editor in 0.34 ms, found 2 plugins.
Preloading 0 native plugins for Editor in 0.00 ms.
Mono: successfully reloaded assembly
- Completed reload, in  1.264 seconds
Domain Reload Profiling:
	ReloadAssembly (1266ms)
		BeginReloadAssembly (181ms)
			ExecutionOrderSort (0ms)
			DisableScriptedObjects (5ms)
			BackupInstance (0ms)
			ReleaseScriptingObjects (0ms)
			CreateAndSetChildDomain (19ms)
		EndReloadAssembly (1010ms)
			LoadAssemblies (142ms)
			RebuildTransferFunctionScriptingTraits (0ms)
			SetupTypeCache (380ms)
			ReleaseScriptCaches (0ms)
			RebuildScriptCaches (64ms)
			SetupLoadedEditorAssemblies (321ms)
				LogAssemblyErrors (0ms)
				InitializePlatformSupportModulesInManaged (6ms)
				SetLoadedEditorAssemblies (0ms)
				RefreshPlugins (0ms)
				BeforeProcessingInitializeOnLoad (60ms)
				ProcessInitializeOnLoadAttributes (244ms)
				ProcessInitializeOnLoadMethodAttributes (4ms)
				AfterProcessingInitializeOnLoad (5ms)
				EditorAssembliesLoaded (0ms)
			ExecutionOrderSort2 (0ms)
			AwakeInstancesAfterBackupRestoration (9ms)
Platform modules already initialized, skipping
========================================================================
Worker process is ready to serve import requests
Launched and connected shader compiler UnityShaderCompiler.exe after 0.08 seconds
Refreshing native plugins compatible for Editor in 0.52 ms, found 2 plugins.
Preloading 0 native plugins for Editor in 0.00 ms.
Unloading 1397 Unused Serialized files (Serialized files now loaded: 0)
System memory in use before: 69.8 MB.
System memory in use after: 69.9 MB.

Unloading 16 unused Assets to reduce memory usage. Loaded Objects now: 1837.
Total: 4.334700 ms (FindLiveObjects: 0.297700 ms CreateObjectMapping: 0.124200 ms MarkObjects: 3.825800 ms  DeleteObjects: 0.085300 ms)

AssetImportParameters requested are different than current active one (requested -> active):
  custom:framework-win-MediaFoundation: 216162199b28c13a410421893ffa2e32 -> 
  custom:video-decoder-ogg-theora: a1e56fd34408186e4bbccfd4996cb3dc -> 
  custom:container-muxer-webm: aa71ff27fc2769a1b78a27578f13a17b -> 
  custom:container-demuxer-webm: 4f35f7cbe854078d1ac9338744f61a02 -> 
  custom:container-demuxer-ogg: 62fdf1f143b41e24485cea50d1cbac27 -> 
  custom:video-encoder-webm-vp8: eb34c28f22e8b96e1ab97ce403110664 -> 
  custom:video-codec-MediaFoundation-h265: 746d11721c4dcdbdad8f713fa42b33f4 -> 
  custom:video-decoder-webm-vp8: 9c59270c3fd7afecdb556c50c9e8de78 -> 
  custom:audio-decoder-ogg-vorbis: bf7c407c2cedff20999df2af8eb42d56 -> 
  custom:audio-encoder-webm-vorbis: bf7c407c2cedff20999df2af8eb42d56 -> 
========================================================================
Received Import Request.
  path: Assets/sand.JPG
  artifactKey: Guid(c16280436fc55a047ab3b7e7b215e778) Importer(815301076,1909f56bfc062723c751e8b465ee728b)
Start importing Assets/sand.JPG using Guid(c16280436fc55a047ab3b7e7b215e778) Importer(815301076,1909f56bfc062723c751e8b465ee728b)  -> (artifact id: '00c72e983f09106b704aaff3496590a5') in 0.080570 seconds 
  Import took 0.083231 seconds .

========================================================================
Received Import Request.
  Time since last request: 55.085147 seconds.
  path: Assets/Fire/Materials/fire_soft_blank_additive.mat
  artifactKey: Guid(9991708de0e9fac438dc04d0161723ec) Importer(815301076,1909f56bfc062723c751e8b465ee728b)
Start importing Assets/Fire/Materials/fire_soft_blank_additive.mat using Guid(9991708de0e9fac438dc04d0161723ec) Importer(815301076,1909f56bfc062723c751e8b465ee728b)  -> (artifact id: '9efa3588ccb0dcd8800dfb834e0e6ca3') in 0.148585 seconds 
  Import took 0.150899 seconds .

========================================================================
Received Import Request.
  Time since last request: 84.642882 seconds.
  path: Assets/controll.cs
  artifactKey: Guid(b57783f4d12e2024a8175ca5cf32f233) Importer(815301076,1909f56bfc062723c751e8b465ee728b)
Start importing Assets/controll.cs using Guid(b57783f4d12e2024a8175ca5cf32f233) Importer(815301076,1909f56bfc062723c751e8b465ee728b)  -> (artifact id: 'd7246edfb27ea0b3bb99d908878447a5') in 0.007408 seconds 
  Import took 0.009437 seconds .

========================================================================
Received Import Request.
  Time since last request: 0.020146 seconds.
  path: Assets/controll.cs
  artifactKey: Guid(b57783f4d12e2024a8175ca5cf32f233) Importer(815301076,1909f56bfc062723c751e8b465ee728b)
Start importing Assets/controll.cs using Guid(b57783f4d12e2024a8175ca5cf32f233) Importer(815301076,1909f56bfc062723c751e8b465ee728b)  -> (artifact id: 'd7246edfb27ea0b3bb99d908878447a5') in 0.001708 seconds 
  Import took 0.003898 seconds .

========================================================================
Received Prepare
Registering precompiled user dll's ...
Registered in 0.002291 seconds.
Begin MonoManager ReloadAssembly
Native extension for WindowsStandalone target not found
Native extension for WebGL target not found
Refreshing native plugins compatible for Editor in 0.26 ms, found 2 plugins.
Preloading 0 native plugins for Editor in 0.00 ms.
Mono: successfully reloaded assembly
- Completed reload, in  0.784 seconds
Domain Reload Profiling:
	ReloadAssembly (784ms)
		BeginReloadAssembly (101ms)
			ExecutionOrderSort (0ms)
			DisableScriptedObjects (4ms)
			BackupInstance (0ms)
			ReleaseScriptingObjects (0ms)
			CreateAndSetChildDomain (26ms)
		EndReloadAssembly (629ms)
			LoadAssemblies (70ms)
			RebuildTransferFunctionScriptingTraits (0ms)
			SetupTypeCache (228ms)
			ReleaseScriptCaches (1ms)
			RebuildScriptCaches (32ms)
			SetupLoadedEditorAssemblies (220ms)
				LogAssemblyErrors (0ms)
				InitializePlatformSupportModulesInManaged (5ms)
				SetLoadedEditorAssemblies (0ms)
				RefreshPlugins (0ms)
				BeforeProcessingInitializeOnLoad (40ms)
				ProcessInitializeOnLoadAttributes (166ms)
				ProcessInitializeOnLoadMethodAttributes (3ms)
				AfterProcessingInitializeOnLoad (5ms)
				EditorAssembliesLoaded (0ms)
			ExecutionOrderSort2 (0ms)
			AwakeInstancesAfterBackupRestoration (5ms)
Platform modules already initialized, skipping
Refreshing native plugins compatible for Editor in 0.26 ms, found 2 plugins.
Preloading 0 native plugins for Editor in 0.00 ms.
Unloading 1391 Unused Serialized files (Serialized files now loaded: 0)
System memory in use before: 73.0 MB.
System memory in use after: 73.1 MB.

Unloading 11 unused Assets to reduce memory usage. Loaded Objects now: 1881.
Total: 2.242300 ms (FindLiveObjects: 0.131400 ms CreateObjectMapping: 0.041100 ms MarkObjects: 2.036100 ms  DeleteObjects: 0.033000 ms)

AssetImportParameters requested are different than current active one (requested -> active):
  custom:framework-win-MediaFoundation: 216162199b28c13a410421893ffa2e32 -> 
  custom:video-decoder-ogg-theora: a1e56fd34408186e4bbccfd4996cb3dc -> 
  custom:container-muxer-webm: aa71ff27fc2769a1b78a27578f13a17b -> 
  custom:container-demuxer-webm: 4f35f7cbe854078d1ac9338744f61a02 -> 
  custom:container-demuxer-ogg: 62fdf1f143b41e24485cea50d1cbac27 -> 
  custom:video-encoder-webm-vp8: eb34c28f22e8b96e1ab97ce403110664 -> 
  custom:video-codec-MediaFoundation-h265: 746d11721c4dcdbdad8f713fa42b33f4 -> 
  custom:video-decoder-webm-vp8: 9c59270c3fd7afecdb556c50c9e8de78 -> 
  custom:audio-decoder-ogg-vorbis: bf7c407c2cedff20999df2af8eb42d56 -> 
  custom:audio-encoder-webm-vorbis: bf7c407c2cedff20999df2af8eb42d56 -> 
========================================================================
Received Import Request.
  Time since last request: 73.728452 seconds.
  path: Assets/controll.cs
  artifactKey: Guid(b57783f4d12e2024a8175ca5cf32f233) Importer(815301076,1909f56bfc062723c751e8b465ee728b)
Start importing Assets/controll.cs using Guid(b57783f4d12e2024a8175ca5cf32f233) Importer(815301076,1909f56bfc062723c751e8b465ee728b)  -> (artifact id: '15434c9f5c9eb93dc944faafe90a1fc4') in 0.003606 seconds 
  Import took 0.005643 seconds .

========================================================================
Received Import Request.
  Time since last request: 2.710953 seconds.
  path: Assets/Fire/Textures/fire_soft_blank.png
  artifactKey: Guid(4984ee10e316e1d469a3c2df8a9ab134) Importer(815301076,1909f56bfc062723c751e8b465ee728b)
Start importing Assets/Fire/Textures/fire_soft_blank.png using Guid(4984ee10e316e1d469a3c2df8a9ab134) Importer(815301076,1909f56bfc062723c751e8b465ee728b)  -> (artifact id: 'ab55c4fcfe08b65b41c8c90b66a1565a') in 0.028838 seconds 
  Import took 0.031323 seconds .

========================================================================
Received Import Request.
  Time since last request: 14.027306 seconds.
  path: Assets/Heap/heap1.mat
  artifactKey: Guid(477ab00a04d5c484489102d7d9b318cb) Importer(815301076,1909f56bfc062723c751e8b465ee728b)
Start importing Assets/Heap/heap1.mat using Guid(477ab00a04d5c484489102d7d9b318cb) Importer(815301076,1909f56bfc062723c751e8b465ee728b)  -> (artifact id: '85158b83bbae585a77cfe9f30b1c5de7') in 0.040980 seconds 
  Import took 0.043281 seconds .

========================================================================
Received Import Request.
  Time since last request: 0.000201 seconds.
  path: Assets/Heap/tree2.JPG
  artifactKey: Guid(b825d35a78b8dce4c890f2adc31571ef) Importer(815301076,1909f56bfc062723c751e8b465ee728b)
Start importing Assets/Heap/tree2.JPG using Guid(b825d35a78b8dce4c890f2adc31571ef) Importer(815301076,1909f56bfc062723c751e8b465ee728b)  -> (artifact id: '74f59787c2d07dd430ae38c9d6902d94') in 0.012608 seconds 
  Import took 0.014957 seconds .

========================================================================
Received Import Request.
  Time since last request: 0.000253 seconds.
  path: Assets/Heap/heap2.mat
  artifactKey: Guid(3f99d48994014f3479064d8c17b7b358) Importer(815301076,1909f56bfc062723c751e8b465ee728b)
Start importing Assets/Heap/heap2.mat using Guid(3f99d48994014f3479064d8c17b7b358) Importer(815301076,1909f56bfc062723c751e8b465ee728b)  -> (artifact id: 'b04852d57a3377b123220b1304f041d3') in 0.011402 seconds 
  Import took 0.013789 seconds .

========================================================================
Received Import Request.
  Time since last request: 0.919432 seconds.
  path: Assets/Heap/Materials/tree.mat
  artifactKey: Guid(1a9e03f31e6886144aee6f6a8b157d1b) Importer(815301076,1909f56bfc062723c751e8b465ee728b)
Start importing Assets/Heap/Materials/tree.mat using Guid(1a9e03f31e6886144aee6f6a8b157d1b) Importer(815301076,1909f56bfc062723c751e8b465ee728b)  -> (artifact id: '498c51c68594b0ac46b534040206f3a7') in 0.012024 seconds 
  Import took 0.014399 seconds .

========================================================================
Received Import Request.
  Time since last request: 0.000273 seconds.
  path: Assets/Heap/Materials/tree2.mat
  artifactKey: Guid(d43dc99fda2881c4bb940ea84594e767) Importer(815301076,1909f56bfc062723c751e8b465ee728b)
Start importing Assets/Heap/Materials/tree2.mat using Guid(d43dc99fda2881c4bb940ea84594e767) Importer(815301076,1909f56bfc062723c751e8b465ee728b)  -> (artifact id: 'd66a7a6d438fcd1c25d08caa13ec562d') in 0.010861 seconds 
  Import took 0.012887 seconds .

========================================================================
Received Import Request.
  Time since last request: 0.843989 seconds.
  path: Assets/Materials/sand.mat
  artifactKey: Guid(11e66edaaf874784baadced17c075fab) Importer(815301076,1909f56bfc062723c751e8b465ee728b)
Start importing Assets/Materials/sand.mat using Guid(11e66edaaf874784baadced17c075fab) Importer(815301076,1909f56bfc062723c751e8b465ee728b)  -> (artifact id: '7e1a4f7e5de0c96480150367b7e475ef') in 0.018556 seconds 
  Import took 0.020751 seconds .

========================================================================
Received Import Request.
  Time since last request: 0.531355 seconds.
  path: Assets/Prefab/torch.prefab
  artifactKey: Guid(b52d14e22afd62340844511951337ee2) Importer(815301076,1909f56bfc062723c751e8b465ee728b)
Start importing Assets/Prefab/torch.prefab using Guid(b52d14e22afd62340844511951337ee2) Importer(815301076,1909f56bfc062723c751e8b465ee728b)  -> (artifact id: '7ced949d582797f6445ead71e520d8e3') in 0.023834 seconds 
  Import took 0.026022 seconds .

========================================================================
Received Import Request.
  Time since last request: 0.000277 seconds.
  path: Assets/Prefab/torchfire.prefab
  artifactKey: Guid(b9dba48f6b8280c4ba8ec51364e1eb7c) Importer(815301076,1909f56bfc062723c751e8b465ee728b)
Start importing Assets/Prefab/torchfire.prefab using Guid(b9dba48f6b8280c4ba8ec51364e1eb7c) Importer(815301076,1909f56bfc062723c751e8b465ee728b)  -> (artifact id: '02a81f51832e389062bf87ec2c09dcc2') in 0.051476 seconds 
  Import took 0.053830 seconds .

========================================================================
Received Import Request.
  Time since last request: 101.047462 seconds.
  path: Assets/Fire/Materials/ParticleSmokeVertlit.mat
  artifactKey: Guid(225843b6084e75440a6ea970a17c93aa) Importer(815301076,1909f56bfc062723c751e8b465ee728b)
Start importing Assets/Fire/Materials/ParticleSmokeVertlit.mat using Guid(225843b6084e75440a6ea970a17c93aa) Importer(815301076,1909f56bfc062723c751e8b465ee728b)  -> (artifact id: 'b4041fc59e3ddc55b186add7eb09e116') in 0.044832 seconds 
  Import took 0.047149 seconds .

AssetImportWorkerClient::OnTransportError - code=2 error=End of file
